<?xml version="1.0" encoding="UTF-8"?>
<testsuite xmlns:xsi="http://www.w3.org/2001/XMLSchema-instance" xsi:noNamespaceSchemaLocation="https://maven.apache.org/surefire/maven-surefire-plugin/xsd/surefire-test-report-3.0.xsd" version="3.0" name="com.example.financetracker.auth.AuthControllerIntegrationTest" time="3.828" tests="5" errors="0" skipped="0" failures="0">
  <properties>
[...]
</properties>
  <testcase name="loginWrongPassword" classname="com.example.financetracker.auth.AuthControllerIntegrationTest" time="0.362">
    <system-out><![CDATA[18:29:48.280 [main] INFO org.springframework.test.context.support.AnnotationConfigContextLoaderUtils -- Could not detect default configuration classes for test class [com.example.financetracker.auth.AuthControllerIntegrationTest]: AuthControllerIntegrationTest does not declare any static, non-private, non-final, nested classes annotated with @Configuration.
18:29:48.328 [main] INFO org.springframework.boot.test.context.SpringBootTestContextBootstrapper -- Found @SpringBootConfiguration com.example.financetracker.auth.AuthServiceApplication for test class com.example.financetracker.auth.AuthControllerIntegrationTest

  .   ____          _            __ _ _
 /\\ / ___'_ __ _ _(_)_ __  __ _ \ \ \ \
( ( )\___ | '_ | '_| | '_ \/ _` | \ \ \ \
 \\/  ___)| |_)| | | | | || (_| |  ) ) ) )
  '  |____| .__|_| |_|_| |_\__, | / / / /
 =========|_|==============|___/=/_/_/_/

 :: Spring Boot ::                (v3.3.6)

2026-06-13T18:29:48.524+03:00  INFO 49691 --- [auth-service] [           main] c.e.f.a.AuthControllerIntegrationTest    : Starting AuthControllerIntegrationTest using Java 25 with PID 49691 (started by mahacmagomedov in /Users/mahacmagomedov/IdeaProjects/SpringProject/auth-service)
2026-06-13T18:29:48.524+03:00  INFO 49691 --- [auth-service] [           main] c.e.f.a.AuthControllerIntegrationTest    : The following 1 profile is active: "test"
2026-06-13T18:29:48.967+03:00  INFO 49691 --- [auth-service] [           main] .s.d.r.c.RepositoryConfigurationDelegate : Bootstrapping Spring Data JPA repositories in DEFAULT mode.
2026-06-13T18:29:48.992+03:00  INFO 49691 --- [auth-service] [           main] .s.d.r.c.RepositoryConfigurationDelegate : Finished Spring Data repository scanning in 21 ms. Found 1 JPA repository interface.
2026-06-13T18:29:49.312+03:00  INFO 49691 --- [auth-service] [           main] com.zaxxer.hikari.HikariDataSource       : HikariPool-1 - Starting...
2026-06-13T18:29:49.414+03:00  INFO 49691 --- [auth-service] [           main] com.zaxxer.hikari.pool.HikariPool        : HikariPool-1 - Added connection conn0: url=jdbc:h2:mem:authdb user=SA
2026-06-13T18:29:49.415+03:00  INFO 49691 --- [auth-service] [           main] com.zaxxer.hikari.HikariDataSource       : HikariPool-1 - Start completed.
2026-06-13T18:29:49.437+03:00  INFO 49691 --- [auth-service] [           main] org.flywaydb.core.FlywayExecutor         : Database: jdbc:h2:mem:authdb (H2 2.2)
2026-06-13T18:29:49.442+03:00  WARN 49691 --- [auth-service] [           main] o.f.c.internal.database.base.Database    : Flyway upgrade recommended: H2 2.2.224 is newer than this version of Flyway and support has not been tested. The latest supported version of H2 is 2.2.220.
2026-06-13T18:29:49.450+03:00  INFO 49691 --- [auth-service] [           main] o.f.c.i.s.JdbcTableSchemaHistory         : Schema history table "PUBLIC"."flyway_schema_history" does not exist yet
2026-06-13T18:29:49.451+03:00  INFO 49691 --- [auth-service] [           main] o.f.core.internal.command.DbValidate     : Successfully validated 1 migration (execution time 00:00.004s)
2026-06-13T18:29:49.454+03:00  INFO 49691 --- [auth-service] [           main] o.f.c.i.s.JdbcTableSchemaHistory         : Creating Schema History table "PUBLIC"."flyway_schema_history" ...
2026-06-13T18:29:49.466+03:00  INFO 49691 --- [auth-service] [           main] o.f.core.internal.command.DbMigrate      : Current version of schema "PUBLIC": << Empty Schema >>
2026-06-13T18:29:49.468+03:00  INFO 49691 --- [auth-service] [           main] o.f.core.internal.command.DbMigrate      : Migrating schema "PUBLIC" to version "1 - create users table"
2026-06-13T18:29:49.474+03:00  INFO 49691 --- [auth-service] [           main] o.f.core.internal.command.DbMigrate      : Successfully applied 1 migration to schema "PUBLIC", now at version v1 (execution time 00:00.001s)
2026-06-13T18:29:49.529+03:00  INFO 49691 --- [auth-service] [           main] o.hibernate.jpa.internal.util.LogHelper  : HHH000204: Processing PersistenceUnitInfo [name: default]
2026-06-13T18:29:49.558+03:00  INFO 49691 --- [auth-service] [           main] org.hibernate.Version                    : HHH000412: Hibernate ORM core version 6.5.3.Final
2026-06-13T18:29:49.574+03:00  INFO 49691 --- [auth-service] [           main] o.h.c.internal.RegionFactoryInitiator    : HHH000026: Second-level cache disabled
2026-06-13T18:29:49.703+03:00  INFO 49691 --- [auth-service] [           main] o.s.o.j.p.SpringPersistenceUnitInfo      : No LoadTimeWeaver setup: ignoring JPA class transformer
2026-06-13T18:29:50.070+03:00  INFO 49691 --- [auth-service] [           main] o.h.e.t.j.p.i.JtaPlatformInitiator       : HHH000489: No JTA platform available (set 'hibernate.transaction.jta.platform' to enable JTA platform integration)
2026-06-13T18:29:50.078+03:00  INFO 49691 --- [auth-service] [           main] j.LocalContainerEntityManagerFactoryBean : Initialized JPA EntityManagerFactory for persistence unit 'default'
2026-06-13T18:29:50.692+03:00  INFO 49691 --- [auth-service] [           main] o.s.b.a.e.web.EndpointLinksResolver      : Exposing 1 endpoint beneath base path '/actuator'
2026-06-13T18:29:51.023+03:00  INFO 49691 --- [auth-service] [           main] o.s.b.t.m.w.SpringBootMockServletContext : Initializing Spring TestDispatcherServlet ''
2026-06-13T18:29:51.023+03:00  INFO 49691 --- [auth-service] [           main] o.s.t.web.servlet.TestDispatcherServlet  : Initializing Servlet ''
2026-06-13T18:29:51.023+03:00  INFO 49691 --- [auth-service] [           main] o.s.t.web.servlet.TestDispatcherServlet  : Completed initialization in 0 ms
2026-06-13T18:29:51.055+03:00  INFO 49691 --- [auth-service] [           main] c.e.f.a.AuthControllerIntegrationTest    : Started AuthControllerIntegrationTest in 2.659 seconds (process running for 3.145)
2026-06-13T18:29:51.446+03:00  INFO 49691 --- [auth-service] [           main] c.e.f.a.a.error.GlobalExceptionHandler   : Invalid credentials attempt for request: /api/v1/auth/login
]]></system-out>
  </testcase>
  <testcase name="registerSuccess" classname="com.example.financetracker.auth.AuthControllerIntegrationTest" time="0.234"/>
  <testcase name="duplicateEmail" classname="com.example.financetracker.auth.AuthControllerIntegrationTest" time="0.091">
    <system-out><![CDATA[2026-06-13T18:29:51.797+03:00  WARN 49691 --- [auth-service] [           main] c.e.f.a.a.error.GlobalExceptionHandler   : Duplicate email registration attempt: User with email 'john@example.com' already exists
]]></system-out>
  </testcase>
  <testcase name="getCurrentUser" classname="com.example.financetracker.auth.AuthControllerIntegrationTest" time="0.094"/>
  <testcase name="loginSuccess" classname="com.example.financetracker.auth.AuthControllerIntegrationTest" time="0.149"/>
</testsuite>